<?xml version="1.0" encoding="UTF-8"?>
<!-- Generated by org.testng.reporters.JUnitXMLReporter -->
<testsuite ignored="0" hostname="DESKTOP-03NIIQU" failures="1" tests="5" name="Different TestNG Feature Test" time="52.957" errors="0" timestamp="2021-07-16T22:29:22 IST">
  <testcase classname="com.testNG.AssertionOfTestCase" name="googleTitleTest" time="0.043">
    <skipped/>
  </testcase> <!-- googleTitleTest -->
  <testcase classname="com.testNG.AssertionOfTestCase" name="googleTitleTest" time="0.017">
    <skipped/>
  </testcase> <!-- googleTitleTest -->
  <testcase classname="com.testNG.AssertionOfTestCase" name="googleTitleTest" time="0.01">
    <failure type="java.lang.AssertionError" message="Google page title does not match. expected [Google123] but found [Google]">
      <![CDATA[java.lang.AssertionError: Google page title does not match. expected [Google123] but found [Google]
at com.testNG.AssertionOfTestCase.googleTitleTest(AssertionOfTestCase.java:51)
at java.base/java.util.ArrayList.forEach(ArrayList.java:1511)
... Removed 32 stack frames]]>
    </failure>
  </testcase> <!-- googleTitleTest -->
  <testcase classname="com.testNG.AssertionOfTestCase" name="googleLogoTest" time="0.521"/>
  <testcase classname="com.testNG.AssertionOfTestCase" name="searchTest" time="4.635"/>
</testsuite> <!-- Different TestNG Feature Test -->
