<?xml version="1.0" encoding="UTF-8"?>
<testsuite xmlns:xsi="http://www.w3.org/2001/XMLSchema-instance" xsi:noNamespaceSchemaLocation="https://maven.apache.org/surefire/maven-surefire-plugin/xsd/surefire-test-report-3.0.xsd" version="3.0" name="TestSuite" time="130.765" tests="14" errors="0" skipped="0" failures="2">
  <properties>
[...]
</properties>
  <testcase name="loginPageTitleTest[public void com.screener.qa.testcases.LoginPageTest.loginPageTitleTest(java.lang.reflect.Method)](1)" classname="com.screener.qa.testcases.LoginPageTest" time="0.047">
    <failure message="Title does not match expected [Login - Screener1234] but found [Login - Screener]" type="java.lang.AssertionError"><![CDATA[java.lang.AssertionError: Title does not match expected [Login - Screener1234] but found [Login - Screener]
	at com.screener.qa.testcases.LoginPageTest.loginPageTitleTest(LoginPageTest.java:77)
]]></failure>
    <system-out><![CDATA[[INFO ] 2021-07-15 16:53:40.534 [main] TestNgAllureListener - Test Cases are about to start
I am in onStart method Screener.in different pages Test
[INFO ] 2021-07-15 16:53:40.566 [main] TestNgExtentListener - Test Cases are about to start Screener.in different pages Test
[INFO ] 2021-07-15 16:53:45.044 [main] TestBase - Browser started
[INFO ] 2021-07-15 16:53:45.833 [main] TestBase - Maximized window & deleted all cookies
Before navigating to: 'https://www.screener.in/login/'
Navigated to:'https://www.screener.in/login/'
[INFO ] 2021-07-15 16:53:48.159 [main] TestBase - Opened URL
[INFO ] 2021-07-15 16:53:48.495 [main] TestNgAllureListener - Test case: loginPageTitleTest is Started
[INFO ] 2021-07-15 16:53:48.589 [main] TestNgExtentListener - Test case: loginPageTitleTest is Started
[INFO ] 2021-07-15 16:53:48.636 [main] LoginPageTest - login page title test started
[INFO ] 2021-07-15 16:53:48.745 [main] TestNgAllureListener - Test case: loginPageTitleTest is Failed
[INFO ] 2021-07-15 16:53:48.745 [main] TestNgAllureListener - The Error Message is: java.lang.AssertionError: Title does not match expected [Login - Screener1234] but found [Login - Screener]
]]></system-out>
    <system-err><![CDATA[SLF4J: Failed to load class "org.slf4j.impl.StaticLoggerBinder".
SLF4J: Defaulting to no-operation (NOP) logger implementation
SLF4J: See http://www.slf4j.org/codes.html#StaticLoggerBinder for further details.
javax.xml.transform.TransformerException: java.io.FileNotFoundException: D:\Data\Study%20Material\Java\ScreenerTest\allure-result\environment.xml (The system cannot find the path specified)
	at org.apache.xalan.transformer.TransformerIdentityImpl.createResultContentHandler(TransformerIdentityImpl.java:297)
	at org.apache.xalan.transformer.TransformerIdentityImpl.transform(TransformerIdentityImpl.java:330)
	at com.github.automatedowl.tools.AllureEnvironmentWriter.allureEnvironmentWriter(AllureEnvironmentWriter.java:83)
	at com.screener.qa.testcases.LoginPageTest.setAllureEnvironment(LoginPageTest.java:47)
	at java.base/jdk.internal.reflect.NativeMethodAccessorImpl.invoke0(Native Method)
	at java.base/jdk.internal.reflect.NativeMethodAccessorImpl.invoke(NativeMethodAccessorImpl.java:78)
	at java.base/jdk.internal.reflect.DelegatingMethodAccessorImpl.invoke(DelegatingMethodAccessorImpl.java:43)
	at java.base/java.lang.reflect.Method.invoke(Method.java:567)
	at org.testng.internal.MethodInvocationHelper.invokeMethod(MethodInvocationHelper.java:133)
	at org.testng.internal.MethodInvocationHelper.invokeMethodConsideringTimeout(MethodInvocationHelper.java:62)
	at org.testng.internal.ConfigInvoker.invokeConfigurationMethod(ConfigInvoker.java:385)
	at org.testng.internal.ConfigInvoker.invokeConfigurations(ConfigInvoker.java:321)
	at org.testng.SuiteRunner.privateRun(SuiteRunner.java:317)
	at org.testng.SuiteRunner.run(SuiteRunner.java:276)
	at org.testng.SuiteRunnerWorker.runSuite(SuiteRunnerWorker.java:53)
	at org.testng.SuiteRunnerWorker.run(SuiteRunnerWorker.java:96)
	at org.testng.TestNG.runSuitesSequentially(TestNG.java:1212)
	at org.testng.TestNG.runSuitesLocally(TestNG.java:1134)
	at org.testng.TestNG.runSuites(TestNG.java:1063)
	at org.testng.TestNG.run(TestNG.java:1031)
	at org.apache.maven.surefire.testng.TestNGExecutor.run(TestNGExecutor.java:284)
	at org.apache.maven.surefire.testng.TestNGXmlTestSuite.execute(TestNGXmlTestSuite.java:75)
	at org.apache.maven.surefire.testng.TestNGProvider.invoke(TestNGProvider.java:119)
	at org.apache.maven.surefire.booter.ForkedBooter.runSuitesInProcess(ForkedBooter.java:428)
	at org.apache.maven.surefire.booter.ForkedBooter.execute(ForkedBooter.java:162)
	at org.apache.maven.surefire.booter.ForkedBooter.run(ForkedBooter.java:562)
	at org.apache.maven.surefire.booter.ForkedBooter.main(ForkedBooter.java:548)
Caused by: java.io.FileNotFoundException: D:\Data\Study%20Material\Java\ScreenerTest\allure-result\environment.xml (The system cannot find the path specified)
	at java.base/java.io.FileOutputStream.open0(Native Method)
	at java.base/java.io.FileOutputStream.open(FileOutputStream.java:291)
	at java.base/java.io.FileOutputStream.<init>(FileOutputStream.java:234)
	at java.base/java.io.FileOutputStream.<init>(FileOutputStream.java:123)
	at org.apache.xalan.transformer.TransformerIdentityImpl.createResultContentHandler(TransformerIdentityImpl.java:287)
	... 26 more
---------
java.io.FileNotFoundException: D:\Data\Study%20Material\Java\ScreenerTest\allure-result\environment.xml (The system cannot find the path specified)
	at java.base/java.io.FileOutputStream.open0(Native Method)
	at java.base/java.io.FileOutputStream.open(FileOutputStream.java:291)
	at java.base/java.io.FileOutputStream.<init>(FileOutputStream.java:234)
	at java.base/java.io.FileOutputStream.<init>(FileOutputStream.java:123)
	at org.apache.xalan.transformer.TransformerIdentityImpl.createResultContentHandler(TransformerIdentityImpl.java:287)
	at org.apache.xalan.transformer.TransformerIdentityImpl.transform(TransformerIdentityImpl.java:330)
	at com.github.automatedowl.tools.AllureEnvironmentWriter.allureEnvironmentWriter(AllureEnvironmentWriter.java:83)
	at com.screener.qa.testcases.LoginPageTest.setAllureEnvironment(LoginPageTest.java:47)
	at java.base/jdk.internal.reflect.NativeMethodAccessorImpl.invoke0(Native Method)
	at java.base/jdk.internal.reflect.NativeMethodAccessorImpl.invoke(NativeMethodAccessorImpl.java:78)
	at java.base/jdk.internal.reflect.DelegatingMethodAccessorImpl.invoke(DelegatingMethodAccessorImpl.java:43)
	at java.base/java.lang.reflect.Method.invoke(Method.java:567)
	at org.testng.internal.MethodInvocationHelper.invokeMethod(MethodInvocationHelper.java:133)
	at org.testng.internal.MethodInvocationHelper.invokeMethodConsideringTimeout(MethodInvocationHelper.java:62)
	at org.testng.internal.ConfigInvoker.invokeConfigurationMethod(ConfigInvoker.java:385)
	at org.testng.internal.ConfigInvoker.invokeConfigurations(ConfigInvoker.java:321)
	at org.testng.SuiteRunner.privateRun(SuiteRunner.java:317)
	at org.testng.SuiteRunner.run(SuiteRunner.java:276)
	at org.testng.SuiteRunnerWorker.runSuite(SuiteRunnerWorker.java:53)
	at org.testng.SuiteRunnerWorker.run(SuiteRunnerWorker.java:96)
	at org.testng.TestNG.runSuitesSequentially(TestNG.java:1212)
	at org.testng.TestNG.runSuitesLocally(TestNG.java:1134)
	at org.testng.TestNG.runSuites(TestNG.java:1063)
	at org.testng.TestNG.run(TestNG.java:1031)
	at org.apache.maven.surefire.testng.TestNGExecutor.run(TestNGExecutor.java:284)
	at org.apache.maven.surefire.testng.TestNGXmlTestSuite.execute(TestNGXmlTestSuite.java:75)
	at org.apache.maven.surefire.testng.TestNGProvider.invoke(TestNGProvider.java:119)
	at org.apache.maven.surefire.booter.ForkedBooter.runSuitesInProcess(ForkedBooter.java:428)
	at org.apache.maven.surefire.booter.ForkedBooter.execute(ForkedBooter.java:162)
	at org.apache.maven.surefire.booter.ForkedBooter.run(ForkedBooter.java:562)
	at org.apache.maven.surefire.booter.ForkedBooter.main(ForkedBooter.java:548)
Starting ChromeDriver 91.0.4472.101 (af52a90bf87030dd1523486a1cd3ae25c5d76c9b-refs/branch-heads/4472@{#1462}) on port 6195
Only local connections are allowed.
Please see https://chromedriver.chromium.org/security-considerations for suggestions on keeping ChromeDriver safe.
ChromeDriver was started successfully.
Jul 15, 2021 4:53:44 PM org.openqa.selenium.remote.ProtocolHandshake createSession
INFO: Detected dialect: W3C
]]></system-err>
  </testcase>
  <testcase name="screenerImageLogoTest[public void com.screener.qa.testcases.LoginPageTest.screenerImageLogoTest(java.lang.reflect.Method)](1)" classname="com.screener.qa.testcases.LoginPageTest" time="0.047">
    <system-out><![CDATA[[INFO ] 2021-07-15 16:53:49.149 [main] TestNgExtentListener - Test case: loginPageTitleTest is Failed
[INFO ] 2021-07-15 16:53:49.149 [main] TestNgExtentListener - The Error Message is: java.lang.AssertionError: Title does not match expected [Login - Screener1234] but found [Login - Screener]
[INFO ] 2021-07-15 16:53:51.839 [main] LoginPageTest - Browser closed
[INFO ] 2021-07-15 16:53:53.213 [main] TestBase - Browser started
[INFO ] 2021-07-15 16:53:53.905 [main] TestBase - Maximized window & deleted all cookies
Before navigating to: 'https://www.screener.in/login/'
Navigated to:'https://www.screener.in/login/'
[INFO ] 2021-07-15 16:53:56.012 [main] TestBase - Opened URL
[INFO ] 2021-07-15 16:53:56.017 [main] TestNgAllureListener - Test case: screenerImageLogoTest is Started
[INFO ] 2021-07-15 16:53:56.023 [main] TestNgExtentListener - Test case: screenerImageLogoTest is Started
[INFO ] 2021-07-15 16:53:56.024 [main] LoginPageTest - Login page logo test started
Trying to find Element By : By.xpath: //a[@class='logo-holder']//child::img[@class='logo' and @alt='Screener Logo']
Found Element By : By.xpath: //a[@class='logo-holder']//child::img[@class='logo' and @alt='Screener Logo']
[INFO ] 2021-07-15 16:53:56.186 [main] LoginPageTest - login page logo test ended
[INFO ] 2021-07-15 16:53:56.187 [main] TestNgAllureListener - Test case: screenerImageLogoTest is Passed
]]></system-out>
    <system-err><![CDATA[Starting ChromeDriver 91.0.4472.101 (af52a90bf87030dd1523486a1cd3ae25c5d76c9b-refs/branch-heads/4472@{#1462}) on port 34320
Only local connections are allowed.
Please see https://chromedriver.chromium.org/security-considerations for suggestions on keeping ChromeDriver safe.
ChromeDriver was started successfully.
Jul 15, 2021 4:53:53 PM org.openqa.selenium.remote.ProtocolHandshake createSession
INFO: Detected dialect: W3C
]]></system-err>
  </testcase>
  <testcase name="loginTest[public void com.screener.qa.testcases.LoginPageTest.loginTest(java.lang.reflect.Method)](1)" classname="com.screener.qa.testcases.LoginPageTest" time="1.226">
    <system-out><![CDATA[[INFO ] 2021-07-15 16:53:56.191 [main] TestNgExtentListener - Test case: screenerImageLogoTest is Passed
[INFO ] 2021-07-15 16:53:59.426 [main] LoginPageTest - Browser closed
[INFO ] 2021-07-15 16:54:00.647 [main] TestBase - Browser started
[INFO ] 2021-07-15 16:54:01.515 [main] TestBase - Maximized window & deleted all cookies
Before navigating to: 'https://www.screener.in/login/'
Navigated to:'https://www.screener.in/login/'
[INFO ] 2021-07-15 16:54:03.903 [main] TestBase - Opened URL
[INFO ] 2021-07-15 16:54:03.907 [main] TestNgAllureListener - Test case: loginTest is Started
[INFO ] 2021-07-15 16:54:03.913 [main] TestNgExtentListener - Test case: loginTest is Started
Trying to find Element By : By.id: id_username
Found Element By : By.id: id_username
Trying to find Element By : By.id: id_password
Found Element By : By.id: id_password
Trying to find Element By : By.xpath: //button[@type='submit']
Found Element By : By.xpath: //button[@type='submit']
Trying to click on: [[ChromeDriver: chrome on WINDOWS (a344e8ea787b197a961ba97873fcbdfd)] -> xpath: //button[@type='submit']]
Clicked on: [[ChromeDriver: chrome on WINDOWS (a344e8ea787b197a961ba97873fcbdfd)] -> xpath: //button[@type='submit']]
[INFO ] 2021-07-15 16:54:05.156 [main] LoginPageTest - logged into website
[INFO ] 2021-07-15 16:54:05.157 [main] TestNgAllureListener - Test case: loginTest is Passed
]]></system-out>
    <system-err><![CDATA[Starting ChromeDriver 91.0.4472.101 (af52a90bf87030dd1523486a1cd3ae25c5d76c9b-refs/branch-heads/4472@{#1462}) on port 25256
Only local connections are allowed.
Please see https://chromedriver.chromium.org/security-considerations for suggestions on keeping ChromeDriver safe.
ChromeDriver was started successfully.
Jul 15, 2021 4:54:00 PM org.openqa.selenium.remote.ProtocolHandshake createSession
INFO: Detected dialect: W3C
]]></system-err>
  </testcase>
  <testcase name="validateHomePageTitleTest[public void com.screener.qa.testcases.HomePageTest.validateHomePageTitleTest(java.lang.reflect.Method)](1)" classname="com.screener.qa.testcases.HomePageTest" time="0.303">
    <failure message="Home Page title does not match expected [Dashboard - Screener1234] but found [Dashboard - Screener]" type="java.lang.AssertionError"><![CDATA[java.lang.AssertionError: Home Page title does not match expected [Dashboard - Screener1234] but found [Dashboard - Screener]
	at com.screener.qa.testcases.HomePageTest.validateHomePageTitleTest(HomePageTest.java:60)
]]></failure>
    <system-out><![CDATA[[INFO ] 2021-07-15 16:54:05.163 [main] TestNgExtentListener - Test case: loginTest is Passed
[INFO ] 2021-07-15 16:54:08.449 [main] LoginPageTest - Browser closed
[INFO ] 2021-07-15 16:54:09.678 [main] TestBase - Browser started
[INFO ] 2021-07-15 16:54:10.229 [main] TestBase - Maximized window & deleted all cookies
Before navigating to: 'https://www.screener.in/login/'
Navigated to:'https://www.screener.in/login/'
[INFO ] 2021-07-15 16:54:12.345 [main] TestBase - Opened URL
Trying to find Element By : By.id: id_username
Found Element By : By.id: id_username
Trying to find Element By : By.id: id_password
Found Element By : By.id: id_password
Trying to find Element By : By.xpath: //button[@type='submit']
Found Element By : By.xpath: //button[@type='submit']
Trying to click on: [[ChromeDriver: chrome on WINDOWS (b7a55837cc78f1cddb671a9b6a299ffe)] -> xpath: //button[@type='submit']]
Clicked on: [[ChromeDriver: chrome on WINDOWS (b7a55837cc78f1cddb671a9b6a299ffe)] -> xpath: //button[@type='submit']]
[INFO ] 2021-07-15 16:54:13.505 [main] TestNgAllureListener - Test case: validateHomePageTitleTest is Started
[INFO ] 2021-07-15 16:54:13.512 [main] TestNgExtentListener - Test case: validateHomePageTitleTest is Started
[INFO ] 2021-07-15 16:54:13.512 [main] HomePageTest - Home page title test started
[INFO ] 2021-07-15 16:54:13.535 [main] TestNgAllureListener - Test case: validateHomePageTitleTest is Failed
[INFO ] 2021-07-15 16:54:13.535 [main] TestNgAllureListener - The Error Message is: java.lang.AssertionError: Home Page title does not match expected [Dashboard - Screener1234] but found [Dashboard - Screener]
]]></system-out>
    <system-err><![CDATA[Starting ChromeDriver 91.0.4472.101 (af52a90bf87030dd1523486a1cd3ae25c5d76c9b-refs/branch-heads/4472@{#1462}) on port 36686
Only local connections are allowed.
Please see https://chromedriver.chromium.org/security-considerations for suggestions on keeping ChromeDriver safe.
ChromeDriver was started successfully.
Jul 15, 2021 4:54:09 PM org.openqa.selenium.remote.ProtocolHandshake createSession
INFO: Detected dialect: W3C
]]></system-err>
  </testcase>
  <testcase name="validateUserNameLabelTest[public void com.screener.qa.testcases.HomePageTest.validateUserNameLabelTest(java.lang.reflect.Method)](1)" classname="com.screener.qa.testcases.HomePageTest" time="0.047">
    <system-out><![CDATA[[INFO ] 2021-07-15 16:54:13.791 [main] TestNgExtentListener - Test case: validateHomePageTitleTest is Failed
[INFO ] 2021-07-15 16:54:13.791 [main] TestNgExtentListener - The Error Message is: java.lang.AssertionError: Home Page title does not match expected [Dashboard - Screener1234] but found [Dashboard - Screener]
[INFO ] 2021-07-15 16:54:17.279 [main] HomePageTest - Browser closed
[INFO ] 2021-07-15 16:54:18.482 [main] TestBase - Browser started
[INFO ] 2021-07-15 16:54:19.125 [main] TestBase - Maximized window & deleted all cookies
Before navigating to: 'https://www.screener.in/login/'
Navigated to:'https://www.screener.in/login/'
[INFO ] 2021-07-15 16:54:21.353 [main] TestBase - Opened URL
Trying to find Element By : By.id: id_username
Found Element By : By.id: id_username
Trying to find Element By : By.id: id_password
Found Element By : By.id: id_password
Trying to find Element By : By.xpath: //button[@type='submit']
Found Element By : By.xpath: //button[@type='submit']
Trying to click on: [[ChromeDriver: chrome on WINDOWS (a8a941233510e4a1c7170cc80efcb667)] -> xpath: //button[@type='submit']]
Clicked on: [[ChromeDriver: chrome on WINDOWS (a8a941233510e4a1c7170cc80efcb667)] -> xpath: //button[@type='submit']]
[INFO ] 2021-07-15 16:54:22.570 [main] TestNgAllureListener - Test case: validateUserNameLabelTest is Started
[INFO ] 2021-07-15 16:54:22.578 [main] TestNgExtentListener - Test case: validateUserNameLabelTest is Started
[INFO ] 2021-07-15 16:54:22.579 [main] HomePageTest - Home page validate username label test started
Trying to find Element By : By.xpath: //button[@class='account']
Found Element By : By.xpath: //button[@class='account']
[INFO ] 2021-07-15 16:54:22.655 [main] HomePageTest - Home page validate username label test ended
[INFO ] 2021-07-15 16:54:22.655 [main] TestNgAllureListener - Test case: validateUserNameLabelTest is Passed
]]></system-out>
    <system-err><![CDATA[Starting ChromeDriver 91.0.4472.101 (af52a90bf87030dd1523486a1cd3ae25c5d76c9b-refs/branch-heads/4472@{#1462}) on port 26239
Only local connections are allowed.
Please see https://chromedriver.chromium.org/security-considerations for suggestions on keeping ChromeDriver safe.
ChromeDriver was started successfully.
Jul 15, 2021 4:54:18 PM org.openqa.selenium.remote.ProtocolHandshake createSession
INFO: Detected dialect: W3C
]]></system-err>
  </testcase>
  <testcase name="clickOnScreensLinkTest[public void com.screener.qa.testcases.HomePageTest.clickOnScreensLinkTest(java.lang.reflect.Method)](1)" classname="com.screener.qa.testcases.HomePageTest" time="0.156">
    <system-out><![CDATA[[INFO ] 2021-07-15 16:54:22.655 [main] TestNgExtentListener - Test case: validateUserNameLabelTest is Passed
[INFO ] 2021-07-15 16:54:25.898 [main] HomePageTest - Browser closed
[INFO ] 2021-07-15 16:54:26.940 [main] TestBase - Browser started
[INFO ] 2021-07-15 16:54:27.794 [main] TestBase - Maximized window & deleted all cookies
Before navigating to: 'https://www.screener.in/login/'
Navigated to:'https://www.screener.in/login/'
[INFO ] 2021-07-15 16:54:30.114 [main] TestBase - Opened URL
Trying to find Element By : By.id: id_username
Found Element By : By.id: id_username
Trying to find Element By : By.id: id_password
Found Element By : By.id: id_password
Trying to find Element By : By.xpath: //button[@type='submit']
Found Element By : By.xpath: //button[@type='submit']
Trying to click on: [[ChromeDriver: chrome on WINDOWS (21790cba17e94a5e128568d118520cef)] -> xpath: //button[@type='submit']]
Clicked on: [[ChromeDriver: chrome on WINDOWS (21790cba17e94a5e128568d118520cef)] -> xpath: //button[@type='submit']]
[INFO ] 2021-07-15 16:54:31.326 [main] TestNgAllureListener - Test case: clickOnScreensLinkTest is Started
[INFO ] 2021-07-15 16:54:31.331 [main] TestNgExtentListener - Test case: clickOnScreensLinkTest is Started
[INFO ] 2021-07-15 16:54:31.332 [main] HomePageTest - Home page click on screens link test started
Trying to find Element By : By.xpath: //a[contains(text(),'Screens')]
Found Element By : By.xpath: //a[contains(text(),'Screens')]
Trying to click on: [[ChromeDriver: chrome on WINDOWS (21790cba17e94a5e128568d118520cef)] -> xpath: //a[contains(text(),'Screens')]]
Clicked on: [[ChromeDriver: chrome on WINDOWS (21790cba17e94a5e128568d118520cef)] -> xpath: //a[contains(text(),'Screens')]]
[INFO ] 2021-07-15 16:54:31.566 [main] HomePageTest - Home page click on screens link test started
[INFO ] 2021-07-15 16:54:31.567 [main] TestNgAllureListener - Test case: clickOnScreensLinkTest is Passed
]]></system-out>
    <system-err><![CDATA[Starting ChromeDriver 91.0.4472.101 (af52a90bf87030dd1523486a1cd3ae25c5d76c9b-refs/branch-heads/4472@{#1462}) on port 43956
Only local connections are allowed.
Please see https://chromedriver.chromium.org/security-considerations for suggestions on keeping ChromeDriver safe.
ChromeDriver was started successfully.
Jul 15, 2021 4:54:26 PM org.openqa.selenium.remote.ProtocolHandshake createSession
INFO: Detected dialect: W3C
]]></system-err>
  </testcase>
  <testcase name="validateScreensPageTitleTest[public void com.screener.qa.testcases.ScreensPageTest.validateScreensPageTitleTest(java.lang.reflect.Method)](1)" classname="com.screener.qa.testcases.ScreensPageTest" time="0.025">
    <system-out><![CDATA[[INFO ] 2021-07-15 16:54:31.571 [main] TestNgExtentListener - Test case: clickOnScreensLinkTest is Passed
[INFO ] 2021-07-15 16:54:34.819 [main] HomePageTest - Browser closed
[INFO ] 2021-07-15 16:54:36.034 [main] TestBase - Browser started
[INFO ] 2021-07-15 16:54:36.809 [main] TestBase - Maximized window & deleted all cookies
Before navigating to: 'https://www.screener.in/login/'
Navigated to:'https://www.screener.in/login/'
[INFO ] 2021-07-15 16:54:39.001 [main] TestBase - Opened URL
Trying to find Element By : By.id: id_username
Found Element By : By.id: id_username
Trying to find Element By : By.id: id_password
Found Element By : By.id: id_password
Trying to find Element By : By.xpath: //button[@type='submit']
Found Element By : By.xpath: //button[@type='submit']
Trying to click on: [[ChromeDriver: chrome on WINDOWS (f1b27276d9a1039699c906584ec995e3)] -> xpath: //button[@type='submit']]
Clicked on: [[ChromeDriver: chrome on WINDOWS (f1b27276d9a1039699c906584ec995e3)] -> xpath: //button[@type='submit']]
Trying to find Element By : By.xpath: //a[contains(text(),'Screens')]
Found Element By : By.xpath: //a[contains(text(),'Screens')]
Trying to click on: [[ChromeDriver: chrome on WINDOWS (f1b27276d9a1039699c906584ec995e3)] -> xpath: //a[contains(text(),'Screens')]]
Clicked on: [[ChromeDriver: chrome on WINDOWS (f1b27276d9a1039699c906584ec995e3)] -> xpath: //a[contains(text(),'Screens')]]
[INFO ] 2021-07-15 16:54:40.594 [main] TestNgAllureListener - Test case: validateScreensPageTitleTest is Started
[INFO ] 2021-07-15 16:54:40.608 [main] TestNgExtentListener - Test case: validateScreensPageTitleTest is Started
[INFO ] 2021-07-15 16:54:40.608 [main] ScreensPageTest - Screens page title test started
[INFO ] 2021-07-15 16:54:40.656 [main] ScreensPageTest - Screens page title test ended
[INFO ] 2021-07-15 16:54:40.657 [main] TestNgAllureListener - Test case: validateScreensPageTitleTest is Passed
]]></system-out>
    <system-err><![CDATA[Starting ChromeDriver 91.0.4472.101 (af52a90bf87030dd1523486a1cd3ae25c5d76c9b-refs/branch-heads/4472@{#1462}) on port 38625
Only local connections are allowed.
Please see https://chromedriver.chromium.org/security-considerations for suggestions on keeping ChromeDriver safe.
ChromeDriver was started successfully.
Jul 15, 2021 4:54:36 PM org.openqa.selenium.remote.ProtocolHandshake createSession
INFO: Detected dialect: W3C
]]></system-err>
  </testcase>
  <testcase name="validateUserNameLabelTest[public void com.screener.qa.testcases.ScreensPageTest.validateUserNameLabelTest(java.lang.reflect.Method)](1)" classname="com.screener.qa.testcases.ScreensPageTest" time="0.041">
    <system-out><![CDATA[[INFO ] 2021-07-15 16:54:40.659 [main] TestNgExtentListener - Test case: validateScreensPageTitleTest is Passed
[INFO ] 2021-07-15 16:54:43.911 [main] ScreensPageTest - Browser closed
[INFO ] 2021-07-15 16:54:44.992 [main] TestBase - Browser started
[INFO ] 2021-07-15 16:54:45.840 [main] TestBase - Maximized window & deleted all cookies
Before navigating to: 'https://www.screener.in/login/'
Navigated to:'https://www.screener.in/login/'
[INFO ] 2021-07-15 16:54:48.087 [main] TestBase - Opened URL
Trying to find Element By : By.id: id_username
Found Element By : By.id: id_username
Trying to find Element By : By.id: id_password
Found Element By : By.id: id_password
Trying to find Element By : By.xpath: //button[@type='submit']
Found Element By : By.xpath: //button[@type='submit']
Trying to click on: [[ChromeDriver: chrome on WINDOWS (c3cd651b9d8f37a2d2df4c1af9fddf7b)] -> xpath: //button[@type='submit']]
Clicked on: [[ChromeDriver: chrome on WINDOWS (c3cd651b9d8f37a2d2df4c1af9fddf7b)] -> xpath: //button[@type='submit']]
Trying to find Element By : By.xpath: //a[contains(text(),'Screens')]
Found Element By : By.xpath: //a[contains(text(),'Screens')]
Trying to click on: [[ChromeDriver: chrome on WINDOWS (c3cd651b9d8f37a2d2df4c1af9fddf7b)] -> xpath: //a[contains(text(),'Screens')]]
Clicked on: [[ChromeDriver: chrome on WINDOWS (c3cd651b9d8f37a2d2df4c1af9fddf7b)] -> xpath: //a[contains(text(),'Screens')]]
[INFO ] 2021-07-15 16:54:49.670 [main] TestNgAllureListener - Test case: validateUserNameLabelTest is Started
[INFO ] 2021-07-15 16:54:49.676 [main] TestNgExtentListener - Test case: validateUserNameLabelTest is Started
[INFO ] 2021-07-15 16:54:49.677 [main] ScreensPageTest - Screens page username label test started
Trying to find Element By : By.xpath: //button[@class='account']
Found Element By : By.xpath: //button[@class='account']
[INFO ] 2021-07-15 16:54:49.782 [main] ScreensPageTest - Screens page username label test ended
[INFO ] 2021-07-15 16:54:49.782 [main] TestNgAllureListener - Test case: validateUserNameLabelTest is Passed
]]></system-out>
    <system-err><![CDATA[Starting ChromeDriver 91.0.4472.101 (af52a90bf87030dd1523486a1cd3ae25c5d76c9b-refs/branch-heads/4472@{#1462}) on port 44344
Only local connections are allowed.
Please see https://chromedriver.chromium.org/security-considerations for suggestions on keeping ChromeDriver safe.
ChromeDriver was started successfully.
Jul 15, 2021 4:54:44 PM org.openqa.selenium.remote.ProtocolHandshake createSession
INFO: Detected dialect: W3C
]]></system-err>
  </testcase>
  <testcase name="validatecreateScreenLinkTextTest[public void com.screener.qa.testcases.ScreensPageTest.validatecreateScreenLinkTextTest(java.lang.reflect.Method)](1)" classname="com.screener.qa.testcases.ScreensPageTest" time="0.058">
    <system-out><![CDATA[[INFO ] 2021-07-15 16:54:49.782 [main] TestNgExtentListener - Test case: validateUserNameLabelTest is Passed
[INFO ] 2021-07-15 16:54:53.029 [main] ScreensPageTest - Browser closed
[INFO ] 2021-07-15 16:54:54.219 [main] TestBase - Browser started
[INFO ] 2021-07-15 16:54:55.432 [main] TestBase - Maximized window & deleted all cookies
Before navigating to: 'https://www.screener.in/login/'
Navigated to:'https://www.screener.in/login/'
[INFO ] 2021-07-15 16:54:58.043 [main] TestBase - Opened URL
Trying to find Element By : By.id: id_username
Found Element By : By.id: id_username
Trying to find Element By : By.id: id_password
Found Element By : By.id: id_password
Trying to find Element By : By.xpath: //button[@type='submit']
Found Element By : By.xpath: //button[@type='submit']
Trying to click on: [[ChromeDriver: chrome on WINDOWS (c7e431ba33d865b01ea3816eb2826956)] -> xpath: //button[@type='submit']]
Clicked on: [[ChromeDriver: chrome on WINDOWS (c7e431ba33d865b01ea3816eb2826956)] -> xpath: //button[@type='submit']]
Trying to find Element By : By.xpath: //a[contains(text(),'Screens')]
Found Element By : By.xpath: //a[contains(text(),'Screens')]
Trying to click on: [[ChromeDriver: chrome on WINDOWS (c7e431ba33d865b01ea3816eb2826956)] -> xpath: //a[contains(text(),'Screens')]]
Clicked on: [[ChromeDriver: chrome on WINDOWS (c7e431ba33d865b01ea3816eb2826956)] -> xpath: //a[contains(text(),'Screens')]]
[INFO ] 2021-07-15 16:54:59.442 [main] TestNgAllureListener - Test case: validatecreateScreenLinkTextTest is Started
[INFO ] 2021-07-15 16:54:59.452 [main] TestNgExtentListener - Test case: validatecreateScreenLinkTextTest is Started
[INFO ] 2021-07-15 16:54:59.453 [main] ScreensPageTest - Screens page create screen link text test started
Trying to find Element By : By.xpath: //a[@class='button button-primary']
Found Element By : By.xpath: //a[@class='button button-primary']
[INFO ] 2021-07-15 16:54:59.538 [main] ScreensPageTest - Screens page create screen link text test ended
[INFO ] 2021-07-15 16:54:59.538 [main] TestNgAllureListener - Test case: validatecreateScreenLinkTextTest is Passed
]]></system-out>
    <system-err><![CDATA[Starting ChromeDriver 91.0.4472.101 (af52a90bf87030dd1523486a1cd3ae25c5d76c9b-refs/branch-heads/4472@{#1462}) on port 4792
Only local connections are allowed.
Please see https://chromedriver.chromium.org/security-considerations for suggestions on keeping ChromeDriver safe.
ChromeDriver was started successfully.
Jul 15, 2021 4:54:54 PM org.openqa.selenium.remote.ProtocolHandshake createSession
INFO: Detected dialect: W3C
]]></system-err>
  </testcase>
  <testcase name="clickOnCreateScreenLinkTest[public void com.screener.qa.testcases.ScreensPageTest.clickOnCreateScreenLinkTest(java.lang.reflect.Method)](1)" classname="com.screener.qa.testcases.ScreensPageTest" time="0.366">
    <system-out><![CDATA[[INFO ] 2021-07-15 16:54:59.538 [main] TestNgExtentListener - Test case: validatecreateScreenLinkTextTest is Passed
[INFO ] 2021-07-15 16:55:02.793 [main] ScreensPageTest - Browser closed
[INFO ] 2021-07-15 16:55:03.967 [main] TestBase - Browser started
[INFO ] 2021-07-15 16:55:04.962 [main] TestBase - Maximized window & deleted all cookies
Before navigating to: 'https://www.screener.in/login/'
Navigated to:'https://www.screener.in/login/'
[INFO ] 2021-07-15 16:55:06.920 [main] TestBase - Opened URL
Trying to find Element By : By.id: id_username
Found Element By : By.id: id_username
Trying to find Element By : By.id: id_password
Found Element By : By.id: id_password
Trying to find Element By : By.xpath: //button[@type='submit']
Found Element By : By.xpath: //button[@type='submit']
Trying to click on: [[ChromeDriver: chrome on WINDOWS (f07a87dfe287b1bba06233113cc58a02)] -> xpath: //button[@type='submit']]
Clicked on: [[ChromeDriver: chrome on WINDOWS (f07a87dfe287b1bba06233113cc58a02)] -> xpath: //button[@type='submit']]
Trying to find Element By : By.xpath: //a[contains(text(),'Screens')]
Found Element By : By.xpath: //a[contains(text(),'Screens')]
Trying to click on: [[ChromeDriver: chrome on WINDOWS (f07a87dfe287b1bba06233113cc58a02)] -> xpath: //a[contains(text(),'Screens')]]
Clicked on: [[ChromeDriver: chrome on WINDOWS (f07a87dfe287b1bba06233113cc58a02)] -> xpath: //a[contains(text(),'Screens')]]
[INFO ] 2021-07-15 16:55:08.305 [main] TestNgAllureListener - Test case: clickOnCreateScreenLinkTest is Started
[INFO ] 2021-07-15 16:55:08.312 [main] TestNgExtentListener - Test case: clickOnCreateScreenLinkTest is Started
[INFO ] 2021-07-15 16:55:08.313 [main] ScreensPageTest - click on create screen link test started
Trying to find Element By : By.xpath: //a[@class='button button-primary']
Found Element By : By.xpath: //a[@class='button button-primary']
Trying to click on: [[ChromeDriver: chrome on WINDOWS (f07a87dfe287b1bba06233113cc58a02)] -> xpath: //a[@class='button button-primary']]
Clicked on: [[ChromeDriver: chrome on WINDOWS (f07a87dfe287b1bba06233113cc58a02)] -> xpath: //a[@class='button button-primary']]
[INFO ] 2021-07-15 16:55:08.841 [main] ScreensPageTest - click on create screen link test ended
[INFO ] 2021-07-15 16:55:08.842 [main] TestNgAllureListener - Test case: clickOnCreateScreenLinkTest is Passed
]]></system-out>
    <system-err><![CDATA[Starting ChromeDriver 91.0.4472.101 (af52a90bf87030dd1523486a1cd3ae25c5d76c9b-refs/branch-heads/4472@{#1462}) on port 9085
Only local connections are allowed.
Please see https://chromedriver.chromium.org/security-considerations for suggestions on keeping ChromeDriver safe.
ChromeDriver was started successfully.
Jul 15, 2021 4:55:03 PM org.openqa.selenium.remote.ProtocolHandshake createSession
INFO: Detected dialect: W3C
]]></system-err>
  </testcase>
  <testcase name="signupPageTitleTest[public void com.screener.qa.testcases.SignupPageTest.signupPageTitleTest(java.lang.reflect.Method)](1)" classname="com.screener.qa.testcases.SignupPageTest" time="0.03">
    <system-out><![CDATA[[INFO ] 2021-07-15 16:55:08.844 [main] TestNgExtentListener - Test case: clickOnCreateScreenLinkTest is Passed
[INFO ] 2021-07-15 16:55:11.931 [main] ScreensPageTest - Browser closed
[INFO ] 2021-07-15 16:55:13.080 [main] TestBase - Browser started
[INFO ] 2021-07-15 16:55:13.994 [main] TestBase - Maximized window & deleted all cookies
Before navigating to: 'https://www.screener.in/login/'
Navigated to:'https://www.screener.in/login/'
[INFO ] 2021-07-15 16:55:16.313 [main] TestBase - Opened URL
Before navigating to: 'https://www.screener.in/register/'
Navigated to:'https://www.screener.in/register/'
[INFO ] 2021-07-15 16:55:16.566 [main] TestNgAllureListener - Test case: signupPageTitleTest is Started
[INFO ] 2021-07-15 16:55:16.570 [main] TestNgExtentListener - Test case: signupPageTitleTest is Started
[INFO ] 2021-07-15 16:55:16.571 [main] SignupPageTest - Signup page title test started
[INFO ] 2021-07-15 16:55:16.598 [main] SignupPageTest - Signup page title test ended
[INFO ] 2021-07-15 16:55:16.599 [main] TestNgAllureListener - Test case: signupPageTitleTest is Passed
]]></system-out>
    <system-err><![CDATA[Starting ChromeDriver 91.0.4472.101 (af52a90bf87030dd1523486a1cd3ae25c5d76c9b-refs/branch-heads/4472@{#1462}) on port 28846
Only local connections are allowed.
Please see https://chromedriver.chromium.org/security-considerations for suggestions on keeping ChromeDriver safe.
ChromeDriver was started successfully.
Jul 15, 2021 4:55:13 PM org.openqa.selenium.remote.ProtocolHandshake createSession
INFO: Detected dialect: W3C
]]></system-err>
  </testcase>
  <testcase name="fillCreateAccountFormTest[public void com.screener.qa.testcases.SignupPageTest.fillCreateAccountFormTest(java.lang.reflect.Method)](1)" classname="com.screener.qa.testcases.SignupPageTest" time="0.431">
    <system-out><![CDATA[[INFO ] 2021-07-15 16:55:16.601 [main] TestNgExtentListener - Test case: signupPageTitleTest is Passed
[INFO ] 2021-07-15 16:55:19.840 [main] SignupPageTest - Browser closed
[INFO ] 2021-07-15 16:55:21.095 [main] TestBase - Browser started
[INFO ] 2021-07-15 16:55:21.964 [main] TestBase - Maximized window & deleted all cookies
Before navigating to: 'https://www.screener.in/login/'
Navigated to:'https://www.screener.in/login/'
[INFO ] 2021-07-15 16:55:24.214 [main] TestBase - Opened URL
Before navigating to: 'https://www.screener.in/register/'
Navigated to:'https://www.screener.in/register/'
[INFO ] 2021-07-15 16:55:24.453 [main] TestNgAllureListener - Test case: fillCreateAccountFormTest is Started
[INFO ] 2021-07-15 16:55:24.460 [main] TestNgExtentListener - Test case: fillCreateAccountFormTest is Started
[INFO ] 2021-07-15 16:55:24.460 [main] SignupPageTest - Signup page fill create account form test started
Trying to find Element By : By.id: id_email
Found Element By : By.id: id_email
Trying to find Element By : By.id: id_email2
Found Element By : By.id: id_email2
Trying to find Element By : By.id: id_password
Found Element By : By.id: id_password
[INFO ] 2021-07-15 16:55:24.938 [main] SignupPageTest - Signup page fill create account form test ended
[INFO ] 2021-07-15 16:55:24.939 [main] TestNgAllureListener - Test case: fillCreateAccountFormTest is Passed
]]></system-out>
    <system-err><![CDATA[Starting ChromeDriver 91.0.4472.101 (af52a90bf87030dd1523486a1cd3ae25c5d76c9b-refs/branch-heads/4472@{#1462}) on port 32562
Only local connections are allowed.
Please see https://chromedriver.chromium.org/security-considerations for suggestions on keeping ChromeDriver safe.
ChromeDriver was started successfully.
Jul 15, 2021 4:55:21 PM org.openqa.selenium.remote.ProtocolHandshake createSession
INFO: Detected dialect: W3C
]]></system-err>
  </testcase>
  <testcase name="validateCreateAccountBtnTextTest[public void com.screener.qa.testcases.SignupPageTest.validateCreateAccountBtnTextTest(java.lang.reflect.Method)](1)" classname="com.screener.qa.testcases.SignupPageTest" time="0.041">
    <system-out><![CDATA[[INFO ] 2021-07-15 16:55:24.942 [main] TestNgExtentListener - Test case: fillCreateAccountFormTest is Passed
[INFO ] 2021-07-15 16:55:28.184 [main] SignupPageTest - Browser closed
[INFO ] 2021-07-15 16:55:29.249 [main] TestBase - Browser started
[INFO ] 2021-07-15 16:55:30.114 [main] TestBase - Maximized window & deleted all cookies
Before navigating to: 'https://www.screener.in/login/'
Navigated to:'https://www.screener.in/login/'
[INFO ] 2021-07-15 16:55:32.194 [main] TestBase - Opened URL
Before navigating to: 'https://www.screener.in/register/'
Navigated to:'https://www.screener.in/register/'
[INFO ] 2021-07-15 16:55:32.451 [main] TestNgAllureListener - Test case: validateCreateAccountBtnTextTest is Started
[INFO ] 2021-07-15 16:55:32.458 [main] TestNgExtentListener - Test case: validateCreateAccountBtnTextTest is Started
[INFO ] 2021-07-15 16:55:32.459 [main] SignupPageTest - Signup page create account button text test started
Trying to find Element By : By.xpath: //button[@type='submit']
Found Element By : By.xpath: //button[@type='submit']
[INFO ] 2021-07-15 16:55:32.561 [main] SignupPageTest - Signup page create account button text test ended
[INFO ] 2021-07-15 16:55:32.563 [main] TestNgAllureListener - Test case: validateCreateAccountBtnTextTest is Passed
]]></system-out>
    <system-err><![CDATA[Starting ChromeDriver 91.0.4472.101 (af52a90bf87030dd1523486a1cd3ae25c5d76c9b-refs/branch-heads/4472@{#1462}) on port 7430
Only local connections are allowed.
Please see https://chromedriver.chromium.org/security-considerations for suggestions on keeping ChromeDriver safe.
ChromeDriver was started successfully.
Jul 15, 2021 4:55:29 PM org.openqa.selenium.remote.ProtocolHandshake createSession
INFO: Detected dialect: W3C
]]></system-err>
  </testcase>
  <testcase name="searchCompanyFieldEnabledTest[public void com.screener.qa.testcases.SignupPageTest.searchCompanyFieldEnabledTest(java.lang.reflect.Method)](1)" classname="com.screener.qa.testcases.SignupPageTest" time="0.049">
    <system-out><![CDATA[[INFO ] 2021-07-15 16:55:32.566 [main] TestNgExtentListener - Test case: validateCreateAccountBtnTextTest is Passed
[INFO ] 2021-07-15 16:55:35.808 [main] SignupPageTest - Browser closed
[INFO ] 2021-07-15 16:55:37.224 [main] TestBase - Browser started
[INFO ] 2021-07-15 16:55:37.886 [main] TestBase - Maximized window & deleted all cookies
Before navigating to: 'https://www.screener.in/login/'
Navigated to:'https://www.screener.in/login/'
[INFO ] 2021-07-15 16:55:40.555 [main] TestBase - Opened URL
Before navigating to: 'https://www.screener.in/register/'
Navigated to:'https://www.screener.in/register/'
[INFO ] 2021-07-15 16:55:40.794 [main] TestNgAllureListener - Test case: searchCompanyFieldEnabledTest is Started
[INFO ] 2021-07-15 16:55:40.803 [main] TestNgExtentListener - Test case: searchCompanyFieldEnabledTest is Started
[INFO ] 2021-07-15 16:55:40.804 [main] SignupPageTest - Signup page search company field enabled test started
Trying to find Element By : By.xpath: //div[@id='desktop-search']//descendant::input[@class='u-full-width']
Found Element By : By.xpath: //div[@id='desktop-search']//descendant::input[@class='u-full-width']
[INFO ] 2021-07-15 16:55:40.875 [main] SignupPageTest - Signup page search company field enabled test ended
[INFO ] 2021-07-15 16:55:40.875 [main] TestNgAllureListener - Test case: searchCompanyFieldEnabledTest is Passed
]]></system-out>
    <system-err><![CDATA[Starting ChromeDriver 91.0.4472.101 (af52a90bf87030dd1523486a1cd3ae25c5d76c9b-refs/branch-heads/4472@{#1462}) on port 37442
Only local connections are allowed.
Please see https://chromedriver.chromium.org/security-considerations for suggestions on keeping ChromeDriver safe.
ChromeDriver was started successfully.
Jul 15, 2021 4:55:37 PM org.openqa.selenium.remote.ProtocolHandshake createSession
INFO: Detected dialect: W3C
]]></system-err>
  </testcase>
</testsuite>