<?xml version="1.0" encoding="UTF-8"?>
<!-- Generated by org.testng.reporters.JUnitXMLReporter -->
<testsuite ignored="0" hostname="DESKTOP-03NIIQU" failures="0" tests="3" name="Default test" time="37.657" errors="0" timestamp="2021-07-07T11:39:14 IST">
  <testcase classname="com.testNG.TestNgBasics" name="googleTitleTest" time="0.022"/>
  <testcase classname="com.testNG.TestNgBasics" name="googleLogoTest" time="0.146"/>
  <testcase classname="com.testNG.TestNgBasics" name="searchTest" time="4.447"/>
</testsuite> <!-- Default test -->
