<?xml version="1.0" encoding="UTF-8"?>
<!-- Generated by org.testng.reporters.JUnitXMLReporter -->
<testsuite ignored="0" hostname="DESKTOP-03NIIQU" failures="0" tests="10" name="Default test" time="0.115" errors="0" timestamp="2021-07-07T18:00:27 IST">
  <testcase classname="com.testNG.InvocationCount" name="sum" time="0.013"/>
  <testcase classname="com.testNG.InvocationCount" name="sum" time="0.003"/>
  <testcase classname="com.testNG.InvocationCount" name="sum" time="0.004"/>
  <testcase classname="com.testNG.InvocationCount" name="sum" time="0.002"/>
  <testcase classname="com.testNG.InvocationCount" name="sum" time="0.002"/>
  <testcase classname="com.testNG.InvocationCount" name="sum" time="0.004"/>
  <testcase classname="com.testNG.InvocationCount" name="sum" time="0.001"/>
  <testcase classname="com.testNG.InvocationCount" name="sum" time="0.002"/>
  <testcase classname="com.testNG.InvocationCount" name="sum" time="0.002"/>
  <testcase classname="com.testNG.InvocationCount" name="sum" time="0.002"/>
</testsuite> <!-- Default test -->
