<?xml version="1.0" encoding="UTF-8"?>
<!-- Generated by org.testng.reporters.JUnitXMLReporter -->
<testsuite ignored="0" hostname="DESKTOP-03NIIQU" failures="0" tests="3" name="Screener.in different pages Test using Singleton pattern" time="30.302" errors="0" timestamp="2021-07-18T18:37:38 IST">
  <testcase classname="testcases.LoginPageTest" name="loginPageTitleTest" time="0.023"/>
  <testcase classname="testcases.LoginPageTest" name="screenerImageLogoTest" time="0.115"/>
  <testcase classname="testcases.LoginPageTest" name="loginTest" time="2.651"/>
</testsuite> <!-- Screener.in different pages Test using Singleton pattern -->
