<?xml version="1.0" encoding="UTF-8"?>
<testng-results ignored="0" total="3" passed="3" failed="0" skipped="0">
  <reporter-output>
  </reporter-output>
  <suite started-at="2021-07-15T09:40:08 IST" name="Screener.in Test Automation Suite" finished-at="2021-07-15T09:40:49 IST" duration-ms="41307">
    <groups>
    </groups>
    <test started-at="2021-07-15T09:40:08 IST" name="Screener.in different pages Test" finished-at="2021-07-15T09:40:49 IST" duration-ms="41307">
      <class name="com.screener.qa.testcases.LoginPageTest">
        <test-method is-config="true" signature="setup()[pri:0, instance:com.screener.qa.testcases.LoginPageTest@4c51cf28]" started-at="2021-07-15T09:40:08 IST" name="setup" finished-at="2021-07-15T09:40:23 IST" duration-ms="15235" status="PASS">
          <reporter-output>
          </reporter-output>
        </test-method> <!-- setup -->
        <test-method signature="loginPageTitleTest(java.lang.reflect.Method)[pri:1, instance:com.screener.qa.testcases.LoginPageTest@4c51cf28]" started-at="2021-07-15T09:40:23 IST" name="loginPageTitleTest" finished-at="2021-07-15T09:40:24 IST" duration-ms="270" status="PASS">
          <params>
            <param index="0">
              <value>
                <![CDATA[public void com.screener.qa.testcases.LoginPageTest.loginPageTitleTest(java.lang.reflect.Method)]]>
              </value>
            </param>
          </params>
          <reporter-output>
          </reporter-output>
        </test-method> <!-- loginPageTitleTest -->
        <test-method is-config="true" signature="tearDown()[pri:0, instance:com.screener.qa.testcases.LoginPageTest@4c51cf28]" started-at="2021-07-15T09:40:24 IST" name="tearDown" finished-at="2021-07-15T09:40:27 IST" duration-ms="3351" status="PASS">
          <reporter-output>
          </reporter-output>
        </test-method> <!-- tearDown -->
        <test-method is-config="true" signature="setup()[pri:0, instance:com.screener.qa.testcases.LoginPageTest@4c51cf28]" started-at="2021-07-15T09:40:27 IST" name="setup" finished-at="2021-07-15T09:40:34 IST" duration-ms="7060" status="PASS">
          <reporter-output>
          </reporter-output>
        </test-method> <!-- setup -->
        <test-method signature="screenerImageLogoTest(java.lang.reflect.Method)[pri:2, instance:com.screener.qa.testcases.LoginPageTest@4c51cf28]" started-at="2021-07-15T09:40:34 IST" name="screenerImageLogoTest" finished-at="2021-07-15T09:40:35 IST" duration-ms="418" status="PASS">
          <params>
            <param index="0">
              <value>
                <![CDATA[public void com.screener.qa.testcases.LoginPageTest.screenerImageLogoTest(java.lang.reflect.Method)]]>
              </value>
            </param>
          </params>
          <reporter-output>
          </reporter-output>
        </test-method> <!-- screenerImageLogoTest -->
        <test-method is-config="true" signature="tearDown()[pri:0, instance:com.screener.qa.testcases.LoginPageTest@4c51cf28]" started-at="2021-07-15T09:40:35 IST" name="tearDown" finished-at="2021-07-15T09:40:37 IST" duration-ms="2486" status="PASS">
          <reporter-output>
          </reporter-output>
        </test-method> <!-- tearDown -->
        <test-method is-config="true" signature="setup()[pri:0, instance:com.screener.qa.testcases.LoginPageTest@4c51cf28]" started-at="2021-07-15T09:40:37 IST" name="setup" finished-at="2021-07-15T09:40:45 IST" duration-ms="7441" status="PASS">
          <reporter-output>
          </reporter-output>
        </test-method> <!-- setup -->
        <test-method signature="loginTest(java.lang.reflect.Method)[pri:3, instance:com.screener.qa.testcases.LoginPageTest@4c51cf28]" started-at="2021-07-15T09:40:45 IST" name="loginTest" finished-at="2021-07-15T09:40:47 IST" duration-ms="2026" status="PASS">
          <params>
            <param index="0">
              <value>
                <![CDATA[public void com.screener.qa.testcases.LoginPageTest.loginTest(java.lang.reflect.Method)]]>
              </value>
            </param>
          </params>
          <reporter-output>
          </reporter-output>
        </test-method> <!-- loginTest -->
        <test-method is-config="true" signature="tearDown()[pri:0, instance:com.screener.qa.testcases.LoginPageTest@4c51cf28]" started-at="2021-07-15T09:40:47 IST" name="tearDown" finished-at="2021-07-15T09:40:49 IST" duration-ms="2454" status="PASS">
          <reporter-output>
          </reporter-output>
        </test-method> <!-- tearDown -->
      </class> <!-- com.screener.qa.testcases.LoginPageTest -->
    </test> <!-- Screener.in different pages Test -->
  </suite> <!-- Screener.in Test Automation Suite -->
</testng-results>
