<?xml version="1.0" encoding="UTF-8"?>
<!-- Generated by org.testng.reporters.JUnitXMLReporter -->
<testsuite ignored="0" hostname="DESKTOP-03NIIQU" failures="0" tests="14" name="Screener.in different pages Test" time="129.532" errors="0" timestamp="2021-07-14T16:35:07 IST">
  <testcase classname="com.screener.qa.testcases.LoginPageTest" name="loginPageTitleTest" time="0.056"/>
  <testcase classname="com.screener.qa.testcases.LoginPageTest" name="screenerImageLogoTest" time="0.138"/>
  <testcase classname="com.screener.qa.testcases.LoginPageTest" name="loginTest" time="1.689"/>
  <testcase classname="com.screener.qa.testcases.HomePageTest" name="validateHomePageTitleTest" time="0.016"/>
  <testcase classname="com.screener.qa.testcases.HomePageTest" name="validateUserNameLabelTest" time="0.202"/>
  <testcase classname="com.screener.qa.testcases.HomePageTest" name="clickOnScreensLinkTest" time="0.3"/>
  <testcase classname="com.screener.qa.testcases.ScreensPageTest" name="validateScreensPageTitleTest" time="0.036"/>
  <testcase classname="com.screener.qa.testcases.ScreensPageTest" name="validateUserNameLabelTest" time="0.058"/>
  <testcase classname="com.screener.qa.testcases.ScreensPageTest" name="validatecreateScreenLinkTextTest" time="0.061"/>
  <testcase classname="com.screener.qa.testcases.ScreensPageTest" name="clickOnCreateScreenLinkTest" time="0.589"/>
  <testcase classname="com.screener.qa.testcases.SignupPageTest" name="signupPageTitleTest" time="0.065"/>
  <testcase classname="com.screener.qa.testcases.SignupPageTest" name="fillCreateAccountFormTest" time="0.55"/>
  <testcase classname="com.screener.qa.testcases.SignupPageTest" name="validateCreateAccountBtnTextTest" time="0.08"/>
  <testcase classname="com.screener.qa.testcases.SignupPageTest" name="searchCompanyFieldEnabledTest" time="0.197"/>
</testsuite> <!-- Screener.in different pages Test -->
