<?xml version="1.0" encoding="UTF-8"?>
<!-- Generated by org.testng.reporters.JUnitXMLReporter -->
<testsuite ignored="0" hostname="DESKTOP-03NIIQU" failures="0" tests="3" name="Screener.in different pages Test" time="41.307" errors="0" timestamp="2021-07-15T09:40:49 IST">
  <testcase classname="com.screener.qa.testcases.LoginPageTest" name="loginPageTitleTest" time="0.27"/>
  <testcase classname="com.screener.qa.testcases.LoginPageTest" name="screenerImageLogoTest" time="0.418"/>
  <testcase classname="com.screener.qa.testcases.LoginPageTest" name="loginTest" time="2.026"/>
</testsuite> <!-- Screener.in different pages Test -->
