<?xml version="1.0" encoding="UTF-8"?>
<testng-results ignored="0" total="3" passed="3" failed="0" skipped="0">
  <reporter-output>
  </reporter-output>
  <suite started-at="2021-07-07T11:38:36 IST" name="Default suite" finished-at="2021-07-07T11:39:14 IST" duration-ms="37657">
    <groups>
    </groups>
    <test started-at="2021-07-07T11:38:36 IST" name="Default test" finished-at="2021-07-07T11:39:14 IST" duration-ms="37657">
      <class name="com.testNG.TestNgBasics">
        <test-method is-config="true" signature="setup()[pri:0, instance:com.testNG.TestNgBasics@459e9125]" started-at="2021-07-07T11:38:36 IST" name="setup" finished-at="2021-07-07T11:38:44 IST" duration-ms="7118" status="PASS">
          <reporter-output>
          </reporter-output>
        </test-method> <!-- setup -->
        <test-method signature="googleTitleTest()[pri:1, instance:com.testNG.TestNgBasics@459e9125]" started-at="2021-07-07T11:38:44 IST" name="googleTitleTest" finished-at="2021-07-07T11:38:44 IST" duration-ms="22" status="PASS">
          <reporter-output>
          </reporter-output>
        </test-method> <!-- googleTitleTest -->
        <test-method is-config="true" signature="tearDown()[pri:0, instance:com.testNG.TestNgBasics@459e9125]" started-at="2021-07-07T11:38:44 IST" name="tearDown" finished-at="2021-07-07T11:38:47 IST" duration-ms="3431" status="PASS">
          <reporter-output>
          </reporter-output>
        </test-method> <!-- tearDown -->
        <test-method is-config="true" signature="setup()[pri:0, instance:com.testNG.TestNgBasics@459e9125]" started-at="2021-07-07T11:38:47 IST" name="setup" finished-at="2021-07-07T11:38:52 IST" duration-ms="5110" status="PASS">
          <reporter-output>
          </reporter-output>
        </test-method> <!-- setup -->
        <test-method signature="googleLogoTest()[pri:2, instance:com.testNG.TestNgBasics@459e9125]" started-at="2021-07-07T11:38:52 IST" name="googleLogoTest" finished-at="2021-07-07T11:38:52 IST" duration-ms="146" status="PASS">
          <reporter-output>
          </reporter-output>
        </test-method> <!-- googleLogoTest -->
        <test-method is-config="true" signature="tearDown()[pri:0, instance:com.testNG.TestNgBasics@459e9125]" started-at="2021-07-07T11:38:52 IST" name="tearDown" finished-at="2021-07-07T11:38:57 IST" duration-ms="4287" status="PASS">
          <reporter-output>
          </reporter-output>
        </test-method> <!-- tearDown -->
        <test-method is-config="true" signature="setup()[pri:0, instance:com.testNG.TestNgBasics@459e9125]" started-at="2021-07-07T11:38:57 IST" name="setup" finished-at="2021-07-07T11:39:05 IST" duration-ms="8727" status="PASS">
          <reporter-output>
          </reporter-output>
        </test-method> <!-- setup -->
        <test-method signature="searchTest()[pri:3, instance:com.testNG.TestNgBasics@459e9125]" started-at="2021-07-07T11:39:05 IST" name="searchTest" finished-at="2021-07-07T11:39:10 IST" duration-ms="4447" status="PASS">
          <reporter-output>
          </reporter-output>
        </test-method> <!-- searchTest -->
        <test-method is-config="true" signature="tearDown()[pri:0, instance:com.testNG.TestNgBasics@459e9125]" started-at="2021-07-07T11:39:10 IST" name="tearDown" finished-at="2021-07-07T11:39:14 IST" duration-ms="4293" status="PASS">
          <reporter-output>
          </reporter-output>
        </test-method> <!-- tearDown -->
      </class> <!-- com.testNG.TestNgBasics -->
    </test> <!-- Default test -->
  </suite> <!-- Default suite -->
</testng-results>
