<?xml version="1.0" encoding="UTF-8"?>
<!-- Generated by org.testng.reporters.JUnitXMLReporter -->
<testsuite ignored="0" hostname="DESKTOP-03NIIQU" failures="0" tests="6" name="Default test" time="82.32" errors="0" timestamp="2021-07-10T23:20:38 IST">
  <testcase classname="com.screener.qa.testcases.CreateScreenPageTest" name="validateScreensPageTitleTest" time="0.273"/>
  <testcase classname="com.screener.qa.testcases.CreateScreenPageTest" name="validateUserNameLabelTest" time="0.068"/>
  <testcase classname="com.screener.qa.testcases.CreateScreenPageTest" name="validateCreateNewScreenTest" time="1.893"/>
  <testcase classname="com.screener.qa.testcases.CreateScreenPageTest" name="validateCreateNewScreenTest" time="3.155"/>
  <testcase classname="com.screener.qa.testcases.CreateScreenPageTest" name="validateCreateNewScreenTest" time="1.437"/>
  <testcase classname="com.screener.qa.testcases.CreateScreenPageTest" name="validateCreateNewScreenTest" time="1.687"/>
</testsuite> <!-- Default test -->
