<?xml version="1.0" encoding="UTF-8"?>
<!-- Generated by org.testng.reporters.JUnitXMLReporter -->
<testsuite ignored="0" hostname="DESKTOP-03NIIQU" failures="0" tests="3" name="Default test" time="70.347" errors="0" timestamp="2021-07-08T19:27:42 IST">
  <testcase classname="com.screener.qa.testcases.LoginPageTest" name="loginPageTitleTest" time="0.067"/>
  <testcase classname="com.screener.qa.testcases.LoginPageTest" name="screenerImageLogoTest" time="0.523"/>
  <testcase classname="com.screener.qa.testcases.LoginPageTest" name="loginTest" time="1.957"/>
</testsuite> <!-- Default test -->
